TN:
SF:src/app.controller.ts
FN:6,(anonymous_2)
FN:9,(anonymous_3)
FNF:2
FNH:2
FNDA:1,(anonymous_2)
FNDA:1,(anonymous_3)
DA:1,1
DA:2,1
DA:5,1
DA:6,1
DA:9,1
DA:10,1
LF:6
LH:6
BRF:0
BRH:0
end_of_record
TN:
SF:src/app.service.ts
FN:5,(anonymous_1)
FNF:1
FNH:1
FNDA:1,(anonymous_1)
DA:1,1
DA:4,1
DA:6,1
LF:3
LH:3
BRF:0
BRH:0
end_of_record
TN:
SF:src/common/utils/repository.util.ts
FN:1,getFromDto
FN:9,(anonymous_1)
FNF:2
FNH:2
FNDA:3,getFromDto
FNDA:12,(anonymous_1)
DA:1,2
DA:2,3
DA:4,3
DA:5,0
DA:7,3
DA:9,3
DA:10,12
DA:12,3
LF:8
LH:7
BRDA:4,0,0,0
BRDA:4,0,1,3
BRDA:4,1,0,3
BRDA:4,1,1,0
BRF:4
BRH:2
end_of_record
TN:
SF:src/seed/seed.service.ts
FN:8,(anonymous_2)
FN:10,(anonymous_3)
FNF:2
FNH:1
FNDA:1,(anonymous_2)
FNDA:0,(anonymous_3)
DA:1,1
DA:3,1
DA:4,1
DA:7,1
DA:8,1
DA:11,0
DA:13,0
LF:7
LH:5
BRF:0
BRH:0
end_of_record
TN:
SF:src/user/user.service.ts
FN:11,(anonymous_4)
FN:16,(anonymous_5)
FNF:2
FNH:2
FNDA:3,(anonymous_4)
FNDA:2,(anonymous_5)
DA:1,2
DA:2,2
DA:3,2
DA:5,2
DA:7,2
DA:10,2
DA:13,3
DA:17,2
DA:18,2
DA:19,1
DA:21,1
DA:22,1
LF:12
LH:12
BRDA:18,0,0,1
BRF:1
BRH:1
end_of_record
